Unity Player [version: Unity 5.4.1f1_649f48bbbf0f]

TestBuild-Jordan.exe caused an Access Violation (0xc0000005)
  in module TestBuild-Jordan.exe at 0023:0156a1b6.

Error occurred at 2016-10-03_153028.
C:\Users\100559819\Documents\Phantasm\Bin\TestBuild-Jordan.exe, run by 100559819.
61% memory in use.
0 MB physical memory [3041 MB free].
0 MB paging file [3360 MB free].
0 MB user address space [3705 MB free].
Read from location 000005d4 caused an access violation.

Context:
EDI:    0x00000000  ESI: 0x04ca1bb0  EAX:   0x0220dd78
EBX:    0x0017abb2  ECX: 0x00000000  EDX:   0x00000002
EIP:    0x0156a1b6  EBP: 0x0220dd64  SegCs: 0x00000023
EFlags: 0x00210287  ESP: 0x0220dd60  SegSs: 0x0000002b

Bytes at CS:EIP:
83 bf d4 05 00 00 00 75 07 32 c0 5f 5d c2 04 00 

Stack:
0x0220dd60: 01da1f95 0220dd94 015529a9 0220dd78 ...... ..)U.x. .
0x0220dd70: 00000003 04ca1bb0 666e6f63 02006769 ........config..
0x0220dd80: 000e0ce2 000e0ce2 00000006 0000000f ................
0x0220dd90: 0220ddbc 0220dd9c 01551d37 0220ddb4 .. ... .7.U... .
0x0220dda0: 01551e26 00000002 01553b70 00000000 &.U.....p;U.....
0x0220ddb0: 01f285f0 0220ddd0 01553bcf 00000003 ...... ..;U.....
0x0220ddc0: 62cf786b 62cf786b 0017abb2 00000000 kx.bkx.b........
0x0220ddd0: 0220de04 01550db5 04ca1bb0 00000003 .. ...U.........
0x0220dde0: 62cf786b 62cf786b 0017abb2 00000000 kx.bkx.b........
0x0220ddf0: 00000003 04ca1b58 00000000 01f285f0 ....X...........
0x0220de00: 00000000 0220de6c 01551984 00000003 ....l. ...U.....
0x0220de10: 62cf786b 62cf786b 0017abb2 00000000 kx.bkx.b........
0x0220de20: 01f288f4 00000000 01f288f4 00000000 ................
0x0220de30: 02370130 0220de4c 0463cfc0 04646e30 0.7.L. ...c.0nd.
0x0220de40: 0220de50 01b95ff7 0463cfc0 04676510 P. .._....c..eg.
0x0220de50: 0220de74 013c8883 04ba73e8 0220de70 t. ...<..s..p. .
0x0220de60: 00000000 8c0696fd 00000000 0220de78 ............x. .
0x0220de70: 015519a7 00000003 0220de94 00f8f161 ..U....... .a...
0x0220de80: 04ca1b58 00000000 00000000 0463cfc0 X.............c.
0x0220de90: 00000000 0220deb4 01179ccf 00000000 ...... .........
0x0220dea0: 00000006 00000000 fffffffe 0220dee4 .............. .
0x0220deb0: 000e0ce2 0220dee4 012111d4 00000000 ...... ...!.....
0x0220dec0: 00000001 01210fd0 00000006 00000000 ......!.........
0x0220ded0: 00000000 0000001c 00000001 000017f4 ................
0x0220dee0: 00000000 0220df10 76d28e71 000e0ce2 ...... .q..v....
0x0220def0: 00000006 00000001 00000000 00000006 ................
0x0220df00: dcbaabcd 00000000 01210fd0 00000006 ..........!.....
0x0220df10: 0220dfa4 76d290d1 01210fd0 000e0ce2 .. ....v..!.....
0x0220df20: 00000006 00000001 00000000 6c7f2b54 ............T+.l
0x0220df30: 00000000 00000000 00000006 00000024 ............$...
0x0220df40: 00000001 00000000 00000000 00000030 ............0...
0x0220df50: ffffffff ffffffff 76d28fce 00000000 ...........v....
0x0220df60: 00000000 01210fd0 00000000 6c7f2b78 ......!.....x+.l
0x0220df70: 026b09f8 00000000 00000000 00000001 ..k.............
0x0220df80: 00000000 000e0ce2 6c7f2b54 76d2932c ........T+.l,..v
0x0220df90: 0220d788 0220dff4 76d5f160 188d64a8 .. ... .`..v.d..
0x0220dfa0: 00000000 0220e004 76d2932c 01210fd0 ...... .,..v..!.
0x0220dfb0: 00000000 00000006 00000001 00000000 ................
0x0220dfc0: ff2ca000 00000001 6c7f14f4 00007fff ..,........l....
0x0220dfd0: 7724a9b0 00090cda 0220e03c 76d5f160 ..$w....<. .`..v
0x0220dfe0: 00000000 000e0ce2 00000000 0220dfc8 .............. .
0x0220dff0: 0220d788 0220e054 76d5f160 188d6738 .. .T. .`..v8g..
0x0220e000: fffffffe 0220e044 76d29529 028f5780 ....D. .)..v.W..
0x0220e010: 00000000 00000006 00000001 00000000 ................
0x0220e020: 01210fd0 0220e154 00000001 00000000 ..!.T. .........
0x0220e030: 00000000 0220e044 00000000 00000000 ....D. .........
0x0220e040: 6c7f14b4 0220e0a8 77260596 0220e05c ...l.. ...&w\. .
0x0220e050: 00000000 0220e120 772604e0 028f5780 .... . ...&w.W..
0x0220e060: 00000000 00000006 00000001 00000000 ................
0x0220e070: 01210fd0 7724a9b0 00000000 76d2a923 ..!...$w....#..v
0x0220e080: 0220e154 00090cda 00000400 00007fff T. .............
0x0220e090: 00000003 0220e378 ff2ca800 0220e378 ....x. ...,.x. .
0x0220e0a0: 0220e154 0220e154 0220e0dc 76d2a989 T. .T. ... ....v
0x0220e0b0: 00000400 00007fff 00000003 00000000 ................
0x0220e0c0: 0220e378 0220e154 0220e378 0d1cb930 x. .T. .x. .0...
0x0220e0d0: 00000000 00000001 ff2ca800 0220e130 ..........,.0. .
0x0220e0e0: 74a503c3 0220e154 00090cda 00000400 ...tT. .........
0x0220e0f0: 00007fff 00000003 6e10f295 0220e378 ...........nx. .
0x0220e100: 00000000 00000001 00000000 00000000 ................
0x0220e110: 0220e378 00000000 0220e0f8 00000000 x. ....... .....
0x0220e120: 0220e8c8 74a8c150 1895107d 00000000 .. .P..t}.......
0x0220e130: 0220e170 74a50436 0220e154 00090cda p. .6..tT. .....
0x0220e140: 00000400 00007fff 00000003 015d4341 ............AC].
0x0220e150: 0220e378 00005dff 00000032 0220e16c x. ..]..2...l. .
0x0220e160: 76d2daa5 76d2daaf 6c7f159c 0220e194 ...v...v...l.. .
0x0220e170: 0220e194 74a50494 00000000 0d1c9fa8 .. ....t........
0x0220e180: 0220e378 ffffffff 015d4341 6e10f221 x. .....AC].!..n
0x0220e190: 00001000 0220e200 74b4b50c 0220e1c0 ...... ....t.. .
0x0220e1a0: 00000001 0220e1bc 0d1c34d0 023784f0 ...... ..4....7.
0x0220e1b0: 0d1c9fa8 0d1bbcf0 00000000 ffffffff ................
0x0220e1c0: 00000694 00000000 0d1c8664 74a5296d ........d...m).t
0x0220e1d0: 0d1bfee8 0220ec30 74a529d6 6e10f245 ....0. ..).tE..n
0x0220e1e0: 74a1ab12 74a52ae0 6e10f1c1 74a529e0 ...t.*.t...n.).t
0x0220e1f0: 0d1c34d0 74a1d4e0 023784f0 6e10f1a5 .4.....t..7....n
0x0220e200: 0220e34c 74b4a259 0220e4c4 0d1c34d0 L. .Y..t.. ..4..
0x0220e210: 0d1c9fa8 00000000 00000001 00000002 ................
0x0220e220: 00001760 00000004 00000000 00000000 `...............
0x0220e230: 00000000 00000000 00000000 00000000 ................
0x0220e240: ffffffff 00000001 6e10f1c1 00000000 ...........n....
0x0220e250: 0220e270 00000000 0d1c9fa8 00000000 p. .............
0x0220e260: 015d4341 023785f0 023784f0 0d1ca038 AC]...7...7.8...
0x0220e270: 0d1c34d0 ffffffff 6e10f1d9 0220e4c4 .4.........n.. .
0x0220e280: 74a528ab 0220e48c 00000000 023785f4 .(.t.. .......7.
0x0220e290: 74a38b9c 0220e2ac 00000000 00000000 ...t.. .........
0x0220e2a0: 0220e424 0d1bfee8 0220ec30 0220edd4 $. .....0. ... .
0x0220e2b0: 751adb1c ffffffff 00001810 ffffffff ...u............
0x0220e2c0: 00001810 74a53110 00001768 0220e2e4 .....1.th..... .
0x0220e2d0: 751ada9c 00001810 00001808 ffffffff ...u............
0x0220e2e0: 00001810 0220e300 751ada52 00001808 ...... .R..u....
0x0220e2f0: 0d1ca00c 024039f4 00000028 0000001c .....9@.(.......
0x0220e300: 00000338 00000000 000000c0 46000000 8..............F
0x0220e310: 574f454d 00000004 000001a2 00000000 MEOW............
0x0220e320: 000000c0 00000136 00000000 000000c0 ....6...........
0x0220e330: 46000000 46000000 00000000 00001768 ...F...F....h...
0x0220e340: 0220e35c 00000001 6e10f0e9 0220e40c \. ........n.. .
0x0220e350: 74a4fe0d 0d1c34d0 0220e4c4 0220e48c ...t.4.... ... .
0x0220e360: 74a4fbf0 023784f0 0d1c9fa8 0d1c34d0 ...t..7......4..
0x0220e370: 74b4a070 0220e48c 74a4fb08 0220e3bc p..t.. ....t.. .
0x0220e380: 80010115 0220e424 00000000 00000000 ....$. .........
0x0220e390: 00000000 00000000 00000000 00000000 ................
0x0220e3a0: 00000000 00000000 00000000 00000000 ................
0x0220e3b0: 00005dff c560f22b 4ee64906 2212c0bb .]..+.`..I.N..."
0x0220e3c0: 708a5db9 00000000 00000000 0d1bf850 .].p........P...
0x0220e3d0: 015d4341 00000000 00000000 00000000 AC].............
0x0220e3e0: 00000000 0d1bbcc0 00000000 00000000 ................
0x0220e3f0: 00000000 00000000 00000000 74a1f4c2 ...............t
0x0220e400: 74a39d30 6e10f0c9 00001798 0220e470 0..t...n....p. .
0x0220e410: 74a2c65d 0d1c34d0 0220e4c4 0220e48c ]..t.4.... ... .
0x0220e420: 74a2c550 0220e4f0 023fbd8c 000000c0 P..t.. ...?.....
0x0220e430: 00000000 6e10f79d 0220e45c 00000000 .......n\. .....
0x0220e440: 0220e4f0 0220edd4 74a1f4c2 0220edd4 .. ... ....t.. .
0x0220e450: 0d1ca15c 75199654 6f87b5e1 0220e478 \...T..u...ox. .
0x0220e460: 7519995f 0220e4f0 0d1ca15c 6e10f789 _..u.. .\......n
0x0220e470: 0220e494 74b4a010 0d1c34d0 0220e4c4 .. ....t.4.... .
0x0220e480: 0220e48c 00000000 74b49fb0 00000000 .. ........t....
0x0220e490: 6e10f731 0220e4ac 751a5769 023fbd8c 1..n.. .iW.u..?.
0x0220e4a0: 0220e4f0 751a5740 6f87b511 0220e8d8 .. .@W.u...o.. .
0x0220e4b0: 75226c1b 6f87b965 00000000 0220e910 .l"ue..o...... .
0x0220e4c0: 0220ed6c 0d1c9fa8 00000010 0d1ca158 l. .........X...
0x0220e4d0: 000017a8 00008004 00000000 0d19b5f8 ................
0x0220e4e0: 00000040 00000038 02360000 00000000 @...8.....6.....
0x0220e4f0: 0220e4c4 0d1cb900 00000000 00000000 .. .............
0x0220e500: 00000000 000017d0 00000000 00000000 ................
0x0220e510: 00000001 00000000 00000000 00000000 ................
0x0220e520: 00000000 00000000 0001000c 00000000 ................
0x0220e530: 00000000 00000000 74a2c450 74a2c440 ........P..t@..t
0x0220e540: 0220e910 00000000 00000000 00000000 .. .............
0x0220e550: 74a1d8f8 00000000 00000000 00000000 ...t............
0x0220e560: 00000140 00000000 00000000 00000000 @...............
0x0220e570: 00000000 0d1c34d0 00000000 00000000 .....4..........
0x0220e580: 00000000 00000000 00000000 00000003 ................
0x0220e590: 0220d450 00000000 00000000 00000000 P. .............
0x0220e5a0: 00000000 00000000 00000000 00000000 ................
0x0220e5b0: 00000000 0220e608 00000000 00000000 ...... .........
0x0220e5c0: 00000000 00000000 00000000 00000000 ................
0x0220e5d0: 00000000 751a1731 00000000 00000000 ....1..u........
0x0220e5e0: 00000000 0d19c601 023fbd8c 75194bd9 ..........?..K.u
0x0220e5f0: 00000000 0237d0f4 00000001 00000004 ......7.........
0x0220e600: 00000000 00000000 8a885d04 0000006c .........]..l...
0x0220e610: 74a22ee6 74a22edc 00000004 74a22ef4 ...t...t.......t
0x0220e620: 0220e910 00000c33 00000000 74a22ee6 .. .3..........t
0x0220e630: 74a1da32 00000022 00000000 00000000 2..t"...........
0x0220e640: 00000000 00000001 00000014 00000000 ................
0x0220e650: 00000000 00000000 00000000 751a3a60 ............`:.u
0x0220e660: 00000000 00000000 00000000 00000000 ................
0x0220e670: 751a57b0 751a5740 00000000 00000000 .W.u@W.u........
0x0220e680: 00000000 00000000 00000000 00000000 ................
0x0220e690: 00000000 00000000 00000000 0220e6b0 .............. .
0x0220e6a0: 0220e6a0 0220e6a0 000001f8 0000000a .. ... .........
0x0220e6b0: 00000000 00000000 00000000 00000000 ................
0x0220e6c0: 00000003 00000000 00000011 00000001 ................
0x0220e6d0: 0d1c86a0 00000000 00000000 0220e6fc .............. .
0x0220e6e0: 75191e03 0d1c8724 0000000a 75191d80 ...u$..........u
0x0220e6f0: 00000006 0d1c86a0 0d1c86a0 0220e77c ............|. .
0x0220e700: 75194b7d 77261371 6d97d158 000014b8 }K.uq.&wX..m....
0x0220e710: 000014b0 02360000 00000000 ffffb5e5 ......6.........
0x0220e720: 00000003 0236586e 00000001 00000001 ....nX6.........
0x0220e730: 00000000 00000000 00000000 00000000 ................
0x0220e740: 00000001 00000000 0d00000d 00000000 ................
0x0220e750: 75194b98 00000000 00000000 00000000 .K.u............
0x0220e760: 00000000 00000295 00000001 00000000 ................
0x0220e770: 00000000 00000001 02000002 0220e854 ............T. .
0x0220e780: fe004cb2 0d1c86a0 74a46984 0d1c8a58 .L.......i.tX...
0x0220e790: 023600c0 000007ff 02366460 00000008 ..6.....`d6.....
0x0220e7a0: 02360000 000007ff 74a5a85a 00000000 ..6.....Z..t....
0x0220e7b0: 00000000 000014b8 0d15be60 00000000 ........`.......
0x0220e7c0: 00000000 00000000 00000000 00000006 ................
0x0220e7d0: 0000077f 00000000 01000000 023600c0 ..............6.
0x0220e7e0: 00000001 00000297 01000003 00000000 ................
0x0220e7f0: 00000000 00004cb2 0d1c8a50 00000001 .....L..P.......
0x0220e800: 0d1c8a58 00180002 0d1c8a50 0d1c8a58 X.......P...X...
0x0220e810: 00004a1b 00000000 fffffffe 0d188a80 .J..............
0x0220e820: 00000000 00000000 00000000 0d00000d ................
0x0220e830: 0000001f 023600c0 0000077f 02366350 ......6.....Pc6.
0x0220e840: 0220e8b0 00000000 0220f640 772b7380 .. .....@. ..s+w
0x0220e850: 189136e8 fffffffe 0220e8e8 77260ef4 .6........ ...&w
0x0220e860: 000014b0 000014b8 02366cc0 0220e884 .........l6... .
0x0220e870: 00000000 000014b0 023605c8 74a5a58f ..........6....t
0x0220e880: 0d1c8a58 00000003 02366350 00000004 X.......Pc6.....
0x0220e890: 0220ec30 00000000 74a52920 00000004 0. ..... ).t....
0x0220e8a0: 0220e8b4 74a5420f 0220ec30 74a5421a .. ..B.t0. ..B.t
0x0220e8b0: 6e10fb11 0220e8c0 74a541c6 6f87b965 ...n.. ..A.te..o
0x0220e8c0: 0220e4b4 74a53171 0220f640 751afb50 .. .q1.t@. .P..u
0x0220e8d0: 18bd77c5 00000001 0220e8f8 74b49e1e .w........ ....t
0x0220e8e0: 74a1d8f8 74a22edc 0220e910 74a26918 ...t...t.. ..i.t
0x0220e8f0: 0220edd4 00000014 0220e908 74a2c46f .. ....... .o..t
0x0220e900: 0220e910 00000004 0220e980 74a571b4 .. ....... ..q.t
0x0220e910: 023fbd8c 00000000 0220edd4 0220e96c ..?....... .l. .
0x0220e920: 0220edd4 74a402d4 00000000 0220e95c .. ....t....\. .
0x0220e930: 00000014 00000000 00000000 00000000 ................
0x0220e940: 0220eddc 0220f2a0 0220f0d0 0220f284 .. ... ... ... .
0x0220e950: 00002270 0d1bffb0 5a963230 000000b4 p"......02.Z....
0x0220e960: 0d1c8a58 00000a58 74a53c10 00000000 X...X....<.t....
0x0220e970: 00000000 00000000 00000000 6e10fa89 ...............n
0x0220e980: 0220ebd8 74a5729a 0220edd4 0220f3b0 .. ..r.t.. ... .
0x0220e990: 00000000 00000000 00000000 00000000 ................
0x0220e9a0: 00000000 00000000 00000000 00000000 ................
0x0220e9b0: 00000000 00000000 00000000 00000000 ................
0x0220e9c0: 00000000 00000000 00000000 00000000 ................
0x0220e9d0: 00000000 00000000 00000000 00000000 ................
0x0220e9e0: 00000000 00000000 00000000 00000000 ................
0x0220e9f0: 00000000 00000000 00000000 00000000 ................
0x0220ea00: 00000000 00000000 00000000 00000000 ................
0x0220ea10: 00000000 00000000 00000000 00000000 ................
0x0220ea20: 00000000 00000000 00000000 00000000 ................
0x0220ea30: 00000000 00000000 00000000 00000000 ................
0x0220ea40: 00000000 00000000 00000000 00000000 ................
0x0220ea50: 00000000 00000000 00000000 00000000 ................
0x0220ea60: 00000000 00000000 00000000 00000000 ................
0x0220ea70: 00000000 00000000 00000000 00000000 ................
0x0220ea80: 00000000 00000000 00000000 00000000 ................
0x0220ea90: 00000000 00000000 00000000 00000000 ................
0x0220eaa0: 00000000 00000000 00000000 00000000 ................
0x0220eab0: 00000000 00000000 00000000 00000000 ................
0x0220eac0: 00000000 00000000 00000000 00000000 ................
0x0220ead0: 00000000 00000000 00000000 00000000 ................
0x0220eae0: 00000000 00000000 00000000 00000000 ................
0x0220eaf0: 00000000 00000000 00000000 00000000 ................
0x0220eb00: 00000000 00000000 00000000 00000000 ................
0x0220eb10: 00000000 00000000 00000000 00000000 ................
0x0220eb20: 00000000 00000000 00000000 00000000 ................
0x0220eb30: 00000000 00000000 00000000 00000000 ................
0x0220eb40: 00000000 00000000 00000000 00000000 ................
0x0220eb50: 00000000 00000000 00000000 00000000 ................
0x0220eb60: 00000000 00000000 00000000 00000000 ................
0x0220eb70: 00000000 00000000 00000000 00000000 ................
0x0220eb80: 00000000 00000000 00000000 00000000 ................
0x0220eb90: 00000000 00000000 00000000 00000000 ................
0x0220eba0: 00000000 00000000 00000000 00000000 ................
0x0220ebb0: 0220edd4 74a42120 00000000 00000000 .. . !.t........
0x0220ebc0: 00000000 0220ec30 00000000 00000000 ....0. .........
0x0220ebd0: 74a41ca0 6e10f87d 0220ec1c 74a422dc ...t}..n.. ..".t
0x0220ebe0: 74b604f4 00000000 0220edd4 0220f3b0 ...t...... ... .
0x0220ebf0: 0220ec30 00000014 00000000 0d16eef0 0. .............
0x0220ec00: 0220f3b0 0220ede4 00000014 0220ec30 .. ... .....0. .
0x0220ec10: 74a4136a 6e10ffb9 6e10ffb9 0220f4a0 j..t...n...n.. .
0x0220ec20: 74a424ec 0220edd4 00000000 0220f3b0 .$.t.. ....... .
0x0220ec30: 74a406f8 74a405e0 74a406e8 00000003 ...t...t...t....
0x0220ec40: 00000338 00000000 000000c0 46000000 8..............F
0x0220ec50: 00000000 00000000 00000001 00001760 ............`...
0x0220ec60: 000000c0 00000000 00000000 00000006 ................
0x0220ec70: 00000000 00000000 00000000 00000000 ................
0x0220ec80: 0220ed00 0220eda0 00000000 00000000 .. ... .........
0x0220ec90: 00000000 00000000 00000000 00000000 ................
0x0220eca0: 00000000 00000000 00000000 00000000 ................
0x0220ecb0: 00000000 00000000 00000000 00000000 ................
0x0220ecc0: 00001768 00000000 00000001 00000000 h...............
0x0220ecd0: 00610048 0220f2a4 0220f130 0220f214 H.a... .0. ... .
0x0220ece0: 0220f104 0220f0d4 0220f288 00000000 .. ... ... .....
0x0220ecf0: 00000000 00000000 00000000 00000006 ................
0x0220ed00: 000001b9 00000000 000000c0 46000000 ...............F
0x0220ed10: 000001ab 00000000 000000c0 46000000 ...............F
0x0220ed20: 000001a5 00000000 000000c0 46000000 ...............F
0x0220ed30: 000001a4 00000000 000000c0 46000000 ...............F
0x0220ed40: 000001a6 00000000 000000c0 46000000 ...............F
0x0220ed50: 000001aa 00000000 000000c0 46000000 ...............F
0x0220ed60: 00000000 00000000 00000000 00000000 ................
0x0220ed70: 00000000 00000000 00000000 6d97d4a8 ...............m
0x0220ed80: c0000034 0220ee78 00000646 00000000 4...x. .F.......
0x0220ed90: 0220ed7c 6f9fa9b2 0220ee3c 772b7380 |. ....o<. ..s+w
0x0220eda0: 00000068 00000058 00000090 00000020 h...X....... ...
0x0220edb0: 00000020 00001510 00000646 0220eef0  .......F..... .
0x0220edc0: 752f36a6 00000000 000000c0 00000000 .6/u............
0x0220edd0: 00000646 74a402d4 74a4066c 74a4078c F......tl..t...t
0x0220ede0: 00000002 00000000 00000000 00000014 ................
0x0220edf0: 00000001 00000000 00000000 00000000 ................
0x0220ee00: 0d16eef0 00000000 0220f12c 00000000 ........,. .....
0x0220ee10: 0220f210 0220f100 00000000 0220f2a0 .. ... ....... .
0x0220ee20: 74a40698 74a4076c 74a40600 00000001 ...tl..t...t....
0x0220ee30: 00000339 00000000 000000c0 46000000 9..............F
0x0220ee40: 00000000 00000000 00000001 00000000 ................
0x0220ee50: 00000000 00000000 00000004 00000000 ................
0x0220ee60: 00000000 00000000 00000000 00000000 ................
0x0220ee70: 00000000 00000000 00000000 00000000 ................
0x0220ee80: 00000000 00000000 00000000 00000000 ................
0x0220ee90: 00000000 00000000 00000000 00000000 ................
0x0220eea0: 00000000 00000000 00000000 00000000 ................
0x0220eeb0: fffffffe 00000000 00000000 00000001 ................
0x0220eec0: 74a4541c 00000000 00000000 00000000 .T.t............
0x0220eed0: 00000000 00000000 00000000 00000000 ................
0x0220eee0: 00000000 00000000 00000000 00000000 ................
0x0220eef0: 00000000 00000002 0220ef4c 74a4492b ........L. .+I.t
0x0220ef00: 00000646 74a4541c 00000000 00000023 F....T.t....#...
0x0220ef10: 0220ef40 00000000 00000002 00000000 @. .............
0x0220ef20: 0d16eef0 74a44959 00020019 00000000 ....YI.t........
0x0220ef30: 00000000 0d16eef0 74a4541c 74a45487 .........T.t.T.t
0x0220ef40: 00000000 00000000 6e10fce9 0220ef70 ...........np. .
0x0220ef50: 74a453fb 00000000 00000000 0d16efb8 .S.t............
0x0220ef60: 0d16eef0 00000000 753a3144 00000000 ........D1:u....
0x0220ef70: 00000000 0220ef98 752f24c4 753a3144 ...... ..$/uD1:u
0x0220ef80: 0d16eef0 00000000 00000000 753a3144 ............D1:u
0x0220ef90: 00000646 753a3140 7725c32c 752f2e61 F...@1:u,.%wa./u
0x0220efa0: 00000646 6f9fad82 0d16eef0 00000000 F......o........
0x0220efb0: 00000000 0220f17c 0220efd4 00000000 ....|. ... .....
0x0220efc0: 0d16eef0 74a404f4 74a4077c 00000000 .......t|..t....
0x0220efd0: 74a40408 00000000 00000000 00000000 ...t............
0x0220efe0: 00000000 00000000 00000000 00000000 ................
0x0220eff0: 00000000 00000646 00000030 00000024 ....F...0...$...
0x0220f000: 02360000 0d16eef0 00000000 00000001 ..6.............
0x0220f010: 00000001 00000000 00ed07d0 00000030 ............0...
0x0220f020: 00000000 0d16ee30 0d1b9884 74b609c4 ....0..........t
0x0220f030: 00ed0000 00ed0000 0d1b9840 00000018 ........@.......
0x0220f040: 0d1b9874 00000153 00ed0c3c 00ed01d0 t...S...<.......
0x0220f050: 00000020 00000000 00ed0c38 00460033  .......8...3.F.
0x0220f060: 0220f0e8 77260ea9 00000024 00000000 .. ...&w$.......
0x0220f070: 023fd4b8 77260de0 00000014 00300041 ..?...&w....A.0.
0x0220f080: 0d1bc110 00000002 00000006 00340030 ............0.4.
0x0220f090: 00000000 00000030 00320038 00000000 ....0...8.2.....
0x0220f0a0: 00000000 00000000 74a403ac 74a40454 ...........tT..t
0x0220f0b0: 00000000 00000000 00000000 00000000 ................
0x0220f0c0: 00000000 0220efd0 00000000 74a40610 ...... ........t
0x0220f0d0: 74a40684 74a4031c 0220ec34 00000000 ...t...t4. .....
0x0220f0e0: 00000001 00000000 00000000 00000000 ................
0x0220f0f0: 00000000 00000000 00000000 00000000 ................
0x0220f100: 74a40478 74a404ac 0220ec34 00000000 x..t...t4. .....
0x0220f110: 00000001 00000000 00000000 00000000 ................
0x0220f120: 00000000 00000000 00000000 74a406d8 ...............t
0x0220f130: 74a402b0 0220ec34 00000000 00000001 ...t4. .........
0x0220f140: 8bc3f05e 11d0d86b c00075a0 2088b64f ^...k....u..O.. 
0x0220f150: 00000014 00000000 00000000 00000001 ................
0x0220f160: 00000000 0220f170 00000058 00070005 ....p. .X.......
0x0220f170: f309ad18 11d0d86a c00075a0 2088b64f ....j....u..O.. 
0x0220f180: 0220f2a0 74a4526f 00000004 0220f1d8 .. .oR.t...... .
0x0220f190: 0220f294 0220f27c 0d16eef0 0220f200 .. .|. ....... .
0x0220f1a0: 6b637453 00000000 8bc3f05e 11d0d86b Stck....^...k...
0x0220f1b0: c00075a0 2088b64f 00000000 fffffffe .u..O.. ........
0x0220f1c0: 74a2d867 74a2edcb 00000000 74a306b0 g..t...t.......t
0x0220f1d0: 74a2f07e 76c34d10 0220f48c 00000000 ~..t.M.v.. .....
0x0220f1e0: 00000000 0220f1ec 00ed0c38 00000000 ...... .8.......
0x0220f1f0: 00000000 00000000 00000000 74b609e0 ...............t
0x0220f200: 00000000 0220f218 00000000 00000000 ...... .........
0x0220f210: 74a4073c 74a40364 0220ec34 00000000 <..td..t4. .....
0x0220f220: 00000001 74a405f0 00000000 00000000 .......t........
0x0220f230: 00000000 00000000 0d1c9f10 00000000 ................
0x0220f240: 00000000 00000000 00000000 00000000 ................
0x0220f250: 02378c98 00000000 00000000 74a403d4 ..7............t
0x0220f260: 74a40388 00000000 00000000 00000000 ...t............
0x0220f270: 00000000 00000000 00000000 00000000 ................
0x0220f280: 00000000 74a4042c 74a40340 0220ec34 ....,..t@..t4. .
0x0220f290: 00000000 00000001 0220e950 00000000 ........P. .....
0x0220f2a0: 74a3fd7c 74a4028c 0220ec34 00000000 |..t...t4. .....
0x0220f2b0: 00000001 0220f2f4 00000001 00000000 ...... .........
0x0220f2c0: 00000000 00000000 00000002 00000000 ................
0x0220f2d0: 00000000 00000000 00000000 00000000 ................
0x0220f2e0: 00000014 00000002 00000000 00000000 ................
0x0220f2f0: 00000000 00000000 00000000 00000000 ................
0x0220f300: 00000000 00000000 00000000 00000000 ................
0x0220f310: 00000000 74a42304 00000014 023784f0 .....#.t......7.
0x0220f320: 00000000 0220f40c 0220f4c8 0220f370 ...... ... .p. .
0x0220f330: 0220f370 01000000 0220f370 00000020 p. .....p. . ...
0x0220f340: 00000000 0220f4cc 00000000 00000000 ...... .........
0x0220f350: 00000000 00000000 0220f454 41e90f3e ........T. .>..A
0x0220f360: 463356c1 8b6ec381 70dd8bac 74a1afd0 .V3F..n....p...t
0x0220f370: 00000008 00000000 00000014 00000000 ................
0x0220f380: 00000000 0220f3ec 00000000 00000000 ...... .........
0x0220f390: 00000000 00000000 00000000 00000001 ................
0x0220f3a0: 00000001 00000000 00000001 00000000 ................
0x0220f3b0: 00000000 00000014 00000000 00000000 ................
0x0220f3c0: 00000000 00000000 02368340 80004005 ........@.6..@..
0x0220f3d0: 00000005 00000000 00000000 0220f1c4 .............. .
0x0220f3e0: 74a41300 00000000 00000000 00000000 ...t............
0x0220f3f0: 0020f1d8 00000000 0220f5c8 00000001 .. ....... .....
0x0220f400: 0220ec30 00000000 00000000 00000000 0. .............
0x0220f410: 772b7380 189058d0 f309ad18 11d0d86a .s+w.X......j...
0x0220f420: c00075a0 2088b64f 00000000 0d16eb60 .u..O.. ....`...
0x0220f430: 0d186c58 6d97cd6c 00000001 00000000 Xl..l..m........
0x0220f440: 0220f408 0220f410 0220f418 0000003d .. ... ... .=...
0x0220f450: 00ed0ddc 8bc3f05e 11d0d86b c00075a0 ....^...k....u..
0x0220f460: 2088b64f 189059c0 0220f4f0 77260ea9 O.. .Y.... ...&w
0x0220f470: 00000004 00000000 00000002 00000000 ................
0x0220f480: 0000005c 6e44a000 0d186d78 8bc3f05e \.....Dnxm..^...
0x0220f490: 11d0d86b c00075a0 2088b64f 6e10e705 k....u..O.. ...n
0x0220f4a0: 0220f4e8 74a2fd81 00000014 00000000 .. ....t........
0x0220f4b0: 00000001 00000000 0220f5c8 00000000 .......... .....
0x0220f4c0: 00000000 00000000 02380000 00000000 ..........8.....
0x0220f4d0: 6e4421fc 00000000 00000000 00000000 .!Dn............
0x0220f4e0: 00000000 00000000 0220f50c 74a46294 .......... ..b.t
0x0220f4f0: 00000014 00000000 00000001 0220f5c8 .............. .
0x0220f500: 00000000 00000000 023784f0 0220f64c ..........7.L. .
0x0220f510: 6e441dde 6e4421fc 00000000 00000014 ..Dn.!Dn........
0x0220f520: 00000000 00000001 0220f5c8 71352b1c .......... ..+5q
0x0220f530: 6e4424b0 0d189da0 0238e38c 03c596d0 .$Dn......8.....
0x0220f540: 00000000 00000017 00000000 00000010 ................
0x0220f550: 02360000 0000001b 0120f498 00000000 ..6....... .....
0x0220f560: 00000018 00000010 02360000 00000018 ..........6.....
0x0220f570: 00000028 00000020 00000000 0d186d78 (... .......xm..
0x0220f580: 0220f58c 00000000 00000000 00000009 .. .............
0x0220f590: 00000000 0d19aab8 00000000 00000003 ................
0x0220f5a0: 00000000 00000000 0d1896ec 00000000 ................
0x0220f5b0: 00ed0964 00ed01c4 00000013 00000000 d...............
0x0220f5c0: 00ed0960 00ed01cc 6e44220c 00000000 `........"Dn....
0x0220f5d0: 80004002 00000000 00000002 0d186ff8 .@...........o..
0x0220f5e0: 0d19aab8 00000000 0d189da0 0d186d78 ............xm..
0x0220f5f0: 0d186d78 00000000 0d19aab8 00000000 xm..............
0x0220f600: 0220f728 c0000135 00000000 00000001 (. .5...........
0x0220f610: 0220f5fc 01000000 0d189da0 002b7380 .. ..........s+.
0x0220f620: 00000000 00fffffe 00000000 752ef0ec ...............u
0x0220f630: 0000007e 00000000 00000000 71352b1c ~............+5q
0x0220f640: 0220f694 6e444b1d 00000005 0220f6a0 .. ..KDn...... .
0x0220f650: 6e4417f7 0238e38c 00000000 00000000 ..Dn..8.........
0x0220f660: 00000000 00000000 00000000 00000000 ................
0x0220f670: 0220f728 71352b28 0220f728 0d186ff8 (. .(+5q(. ..o..
0x0220f680: 00000000 00000000 0d189da0 71352bd4 .............+5q
0x0220f690: 0238e38c 0220fd20 6e444a54 ffffffff ..8. . .TJDn....
0x0220f6a0: 0220f6e0 01073bb2 0d186ff8 0238e38c .. ..;...o....8.
0x0220f6b0: 00000000 00000000 00000000 00000000 ................
0x0220f6c0: 00000000 00000000 0220f728 0000000f ........(. .....
0x0220f6d0: 00000000 00000010 03f59290 0d186ff8 .............o..
0x0220f6e0: 0220f72c 01075baa 04ca1bb0 00000000 ,. ..[..........
0x0220f6f0: 03f89d50 03f89d50 01f6ef80 00000000 P...P...........
0x0220f700: 0220f714 01066b04 03f89d50 00000000 .. ..k..P.......
0x0220f710: 04ca1bb0 0220f724 01066bc2 00000000 ....$. ..k......
0x0220f720: 0000000f 0220f820 00000000 0220f820 .... . ..... . .
0x0220f730: 01552895 00000010 04ca1bb0 00000000 .(U.............
0x0220f740: 0220f758 010653f5 03f89de0 00000010 X. ..S..........
0x0220f750: 00000010 01f6ef80 0220f790 342e3575 .......... .u5.4
0x0220f760: 3166312e 00000000 0000002f 00000008 .1f1..../.......
0x0220f770: 0000000f 00000030 03f89d50 0000002f ....0...P.../...
0x0220f780: 0220f86c 0000000f 00000020 0000002f l. ..... .../...
0x0220f790: 0220f7b0 646e6957 5073776f 6579616c .. .WindowsPlaye
0x0220f7a0: 00000072 0000000d 0000000f 0000004b r...........K...
0x0220f7b0: 03f89d50 00f5f739 00000030 00000010 P...9...0.......
0x0220f7c0: 00000020 0000002f 01cfdea8 0000004b  .../.......K...
0x0220f7d0: 0220f804 00f5fd96 00000030 00000000 .. .....0.......
0x0220f7e0: 00000024 04ca1bc0 342e3500 3166312e $........5.4.1f1
0x0220f7f0: 04ca1b00 0220f7e0 00000000 0000000f ...... .........
0x0220f800: 0220f820 03f89c00 03f89de0 03f89e10  . .............
0x0220f810: 00000024 00000000 0000000f 00000000 $...............
0x0220f820: 0220f828 01551d2a 0220f838 01552467 (. .*.U.8. .g$U.
0x0220f830: 00000001 04ca1bb0 0220f8c8 01553a68 .......... .h:U.
0x0220f840: 0220f86c 00000001 04ca1bb0 0017abb2 l. .............
0x0220f850: 0220f900 01de3cb8 01639799 0000000a .. ..<....c.....
0x0220f860: 00000000 0000000f 00000022 03f89e10 ........".......
0x0220f870: 04ca1b58 00000000 01efe4e8 00000024 X...........$...
0x0220f880: 0000002f 0120e300 00000000 00000000 /..... .........
0x0220f890: 00000005 00000000 00000000 0000000f ................
0x0220f8a0: 8c0656c0 03f89e40 00000000 0220f921 .V..@.......!. .
0x0220f8b0: 00000010 00000024 0000002f 01efe5c4 ....$.../.......
0x0220f8c0: 04ca1bb0 0220f8d8 0220f8d8 01553b55 ...... ... .U;U.
0x0220f8d0: 00000000 01f285f0 0220f8f4 01553bcf .......... ..;U.
0x0220f8e0: 00000001 62cf786b 62cf786b 0017abb2 ....kx.bkx.b....
0x0220f8f0: 00000000 0220f928 01550db5 04ca1bb0 ....(. ...U.....
0x0220f900: 00000001 62cf786b 62cf786b 0017abb2 ....kx.bkx.b....
0x0220f910: 00000000 01da1e4d 04ca1b58 00000000 ....M...X.......
0x0220f920: 01f285f0 00000000 0220f990 01551984 .......... ...U.
0x0220f930: 00000001 62cf786b 62cf786b 0017abb2 ....kx.bkx.b....
0x0220f940: 00000000 00000002 00000003 01f252d0 .............R..
0x0220f950: 03f89e00 00000000 00000008 00000004 ................
0x0220f960: 00000000 0000000f 00000002 03f89e40 ............@...
0x0220f970: 0220f960 0220fd20 00000000 00000024 `. . . .....$...
0x0220f980: 0000002f 0220f9a0 8c0696f8 00000000 /..... .........
0x0220f990: 0220f99c 01551ada 00000001 0220f9c4 .. ...U....... .
0x0220f9a0: 0119f8a0 04ca1b58 ffffffbc 04674ba0 ....X........Kg.
0x0220f9b0: 00000002 04674ba0 03f0b901 04674b10 .....Kg......Kg.
0x0220f9c0: 01f252ac 0220fa2c 011a05cf ffffffbc .R..,. .........
0x0220f9d0: 04674ba0 00000002 03f0b9d0 04674b10 .Kg..........Kg.
0x0220f9e0: 03f0b901 03f36350 03f36350 00000000 ....Pc..Pc......
0x0220f9f0: 04674b64 0220fa08 03f36370 00000000 dKg... .pc......
0x0220fa00: 03f36350 00000000 0220fa18 01066b60 Pc........ .`k..
0x0220fa10: 03f36350 00000008 0220fa50 00f68960 Pc......P. .`...
0x0220fa20: 03f36350 04674b10 04674b10 0220fa50 Pc...Kg..Kg.P. .
0x0220fa30: 011a078f 03f0b9d0 04674b10 0119f49a .........Kg.....
0x0220fa40: 00000010 03f0b9d0 00000001 03f0b9d0 ................
0x0220fa50: 0220fa70 0119f52a 00000002 7fffffff p. .*...........
0x0220fa60: 00000010 04674b10 00000000 00000001 .....Kg.........
0x0220fa70: 0220fa80 01047f71 0000000f 0468af00 .. .q.........h.
0x0220fa80: 0220fb14 0117b2dc 0220faac 0220fac8 .. ....... ... .
0x0220fa90: 0220fae4 0220fb00 00000000 00000002 .. ... .........
0x0220faa0: 76d55da0 76d39c00 00000004 03f258d0 .].v...v.....X..
0x0220fab0: 0220fae8 00fd09d4 0220fae8 00000021 .. ....... .!...
0x0220fac0: 0000002f 01f2cb4c 6576656c 0000306c /...L...level0..
0x0220fad0: 00000000 00000000 00000006 0000000f ................
0x0220fae0: 00000000 03f363b0 0220fb04 00f9d5a6 .....c.... .....
0x0220faf0: 03f363b0 00000014 0000001f 00000000 .c..............
0x0220fb00: 00000000 00000000 00000000 00000000 ................
0x0220fb10: 76d39c00 0220fb50 0117b382 00000000 ...vP. .........
0x0220fb20: 01210ed2 012115d9 00000000 00000001 ..!...!.........
0x0220fb30: 000e0ce2 000000ff 00000001 00880d69 ............i...
0x0220fb40: 015d4237 000005d8 00000176 00000614 7B].....v.......
0x0220fb50: 0220fc88 0121360e 0163bddb 00000000 .. ..6!...c.....
0x0220fb60: ff2cd000 03ef7b70 00c0003f 000003ff ..,.p{..?.......
0x0220fb70: 00000000 00000048 0000004f 00001fff ....H...O.......
0x0220fb80: 03ef7b20 7fffffff 03dd1fb8 01e42b88  {...........+..
0x0220fb90: 0000004d 0000004f 0165a11b 03dd1fb8 M...O.....e.....
0x0220fba0: 01e42b88 00000010 00000010 7fffffff .+..............
0x0220fbb0: 00000000 01efe4e8 03dd1a30 00000010 ........0.......
0x0220fbc0: 0220fb00 0220fbf4 01656ddb 03dd1fb8 .. ... ..me.....
0x0220fbd0: 01e42b88 03ef7d50 0220fbe4 7fffffff .+..P}.... .....
0x0220fbe0: 00000000 0000004e 0000004f 03dd05a8 ....N...O.......
0x0220fbf0: 03eefa10 0220fc24 01648b8b 03dd1fb8 ....$. ...d.....
0x0220fc00: 0000003f 0000003f 0220fb44 616e614d ?...?...D. .Mana
0x0220fc10: 00646567 6c65746e 00000000 00000007 ged.ntel........
0x0220fc20: 0000000f 0220fc30 03eef9d0 03eefa08 ....0. .........
0x0220fc30: 03eefa08 00000016 03c58040 65646900 ........@....ide
0x0220fc40: 646e6957 6c00776f 0220006c 00000000 Window.ll. .....
0x0220fc50: 0000000f 00000000 00000000 65726100 .............are
0x0220fc60: 5748746e 0100444e 02363e4f 00000000 ntHWND..O>6.....
0x0220fc70: 0000000f 00000000 03c58040 03c58080 ........@.......
0x0220fc80: 00000000 00100801 0220fca0 0160c8d8 .......... ...`.
0x0220fc90: 00f50000 00000000 02363e51 00000001 ........Q>6.....
0x0220fca0: 0220fd30 0163bd88 00f50000 00000000 0. ...c.........
0x0220fcb0: 02363e51 00000001 ecaf5457 0163bddb Q>6.....WT....c.
0x0220fcc0: 0163bddb ff2cd000 00000044 023620c8 ..c...,.D.... 6.
0x0220fcd0: 023620a8 0236202a 00000000 00000000 . 6.* 6.........
0x0220fce0: 00000000 00000000 00000000 00000000 ................
0x0220fcf0: 00000000 00000001 00000001 00000000 ................
0x0220fd00: 0220fd2c 0220fd2c 0164cd1e 0220fd1c ,. .,. ...d... .
0x0220fd10: 0163bddb 00000000 0220fcb8 7c5d2753 ..c....... .S']|
0x0220fd20: 0220fd7c 0163d960 ef64806f 00000000 |. .`.c.o.d.....
0x0220fd30: 0220fd44 753e7c04 ff2cd000 753e7be0 D. ..|>u..,..{>u
0x0220fd40: 6fe88592 0220fd8c 7727ab8f ff2cd000 ...o.. ...'w..,.
0x0220fd50: 6d97c48c 00000000 00000000 ff2cd000 ...m..........,.

Module 1
C:\Windows\SYSTEM32\xinput1_3.dll
Image Base: 0x00400000  Image Size: 0x00016000
File Size:  81768       File Time:  2007-04-04_185342
Version:
   Company:    Microsoft Corporation
   Product:    Microsoft® DirectX for Windows®
   FileDesc:   Microsoft Common Controller API
   FileVer:    9.18.944.0
   ProdVer:    9.18.944.0

Module 2
C:\Users\100559819\Documents\Phantasm\Bin\TestBuild-Jordan.exe
Image Base: 0x00f50000  Image Size: 0x011b8000
File Size:  17729536    File Time:  2016-09-01_063248
Version:
   Company:    
   Product:    
   FileDesc:   
   FileVer:    5.4.1.40776
   ProdVer:    5.4.1.40776

Module 3
C:\Windows\SYSTEM32\atidxx32.dll
Image Base: 0x07660000  Image Size: 0x00a8e000
File Size:  11113840    File Time:  2016-07-09_035338
Version:
   Company:    Advanced Micro Devices, Inc. 
   Product:    Advanced Micro Devices, Inc. Radeon DirectX 11 Driver
   FileDesc:   atidxx32.dll
   FileVer:    8.17.10.648
   ProdVer:    8.17.10.648

Module 4
C:\Windows\SYSTEM32\atiuxpag.dll
Image Base: 0x0f1e0000  Image Size: 0x00023000
File Size:  133528      File Time:  2016-07-09_035420
Version:
   Company:    Advanced Micro Devices, Inc. 
   Product:    Advanced Micro Devices, Inc PowerXpress Vista DX10 User Mode Driver
   FileDesc:   atiuxpag.dll
   FileVer:    8.14.1.6489
   ProdVer:    8.14.1.6489

Module 5
C:\Windows\SYSTEM32\aticfx32.dll
Image Base: 0x0fec0000  Image Size: 0x00131000
File Size:  1237712     File Time:  2016-07-09_035358
Version:
   Company:    Advanced Micro Devices, Inc. 
   Product:    AMD Inc. Radeon DirectX 11 Driver
   FileDesc:   aticfx32.dll
   FileVer:    8.17.10.1433
   ProdVer:    8.17.10.1433

Module 6
C:\Users\100559819\Documents\Phantasm\Bin\TestBuild-Jordan_Data\Mono\mono.dll
Image Base: 0x10000000  Image Size: 0x00230000
File Size:  2113496     File Time:  2016-09-01_063800
Version:
   Company:    Unity Technologies
   Product:    libmono
   FileDesc:   Unity Technologies fork of mono runtime
   FileVer:    1.0.0.1
   ProdVer:    1.0.0.1

Module 7
C:\Windows\SYSTEM32\wdmaud.drv
Image Base: 0x56990000  Image Size: 0x00036000
File Size:  197120      File Time:  2014-11-21_041030
Version:
   Company:    Microsoft Corporation
   Product:    Microsoft® Windows® Operating System
   FileDesc:   Winmm  audio system driver
   FileVer:    6.3.9600.17415
   ProdVer:    6.3.9600.17415

Module 8
C:\Windows\SYSTEM32\DDRAW.dll
Image Base: 0x5a100000  Image Size: 0x000ec000
File Size:  544256      File Time:  2014-11-21_041016
Version:
   Company:    Microsoft Corporation
   Product:    Microsoft® Windows® Operating System
   FileDesc:   Microsoft DirectDraw
   FileVer:    6.3.9600.17415
   ProdVer:    6.3.9600.17415

Module 9
C:\Windows\SYSTEM32\midimap.dll
Image Base: 0x5e060000  Image Size: 0x00008000
File Size:  18944       File Time:  2014-11-21_041030
Version:
   Company:    Microsoft Corporation
   Product:    Microsoft® Windows® Operating System
   FileDesc:   Microsoft MIDI Mapper
   FileVer:    6.3.9600.17415
   ProdVer:    6.3.9600.17415

Module 10
C:\Windows\SYSTEM32\msacm32.drv
Image Base: 0x5e070000  Image Size: 0x00009000
File Size:  23040       File Time:  2014-11-21_041030
Version:
   Company:    Microsoft Corporation
   Product:    Microsoft® Windows® Operating System
   FileDesc:   Microsoft Sound Mapper
   FileVer:    6.3.9600.17415
   ProdVer:    6.3.9600.17415

Module 11
C:\Windows\SYSTEM32\DCIMAN32.dll
Image Base: 0x5e540000  Image Size: 0x00007000
File Size:  11776       File Time:  2014-11-21_041022
Version:
   Company:    Microsoft Corporation
   Product:    Microsoft® Windows® Operating System
   FileDesc:   DCI Manager
   FileVer:    6.3.9600.17415
   ProdVer:    6.3.9600.17415

Module 12
C:\Windows\SYSTEM32\GLU32.dll
Image Base: 0x5fc70000  Image Size: 0x00025000
File Size:  140288      File Time:  2014-11-21_041016
Version:
   Company:    Microsoft Corporation
   Product:    Microsoft® Windows® Operating System
   FileDesc:   OpenGL Utility Library DLL
   FileVer:    6.3.9600.17415
   ProdVer:    6.3.9600.17415

Module 13
C:\Windows\SYSTEM32\OPENGL32.dll
Image Base: 0x5fe30000  Image Size: 0x000de000
File Size:  777728      File Time:  2014-11-21_041016
Version:
   Company:    Microsoft Corporation
   Product:    Microsoft® Windows® Operating System
   FileDesc:   OpenGL Client DLL
   FileVer:    6.3.9600.17415
   ProdVer:    6.3.9600.17415

Module 14
C:\Windows\system32\wbem\fastprox.dll
Image Base: 0x6dd90000  Image Size: 0x000c4000
File Size:  786944      File Time:  2014-11-21_041128
Version:
   Company:    Microsoft Corporation
   Product:    Microsoft® Windows® Operating System
   FileDesc:   WMI Custom Marshaller
   FileVer:    6.3.9600.17415
   ProdVer:    6.3.9600.17415

Module 15
C:\Windows\SYSTEM32\wbemcomn.dll
Image Base: 0x6e0b0000  Image Size: 0x00066000
File Size:  401408      File Time:  2014-11-21_041128
Version:
   Company:    Microsoft Corporation
   Product:    Microsoft® Windows® Operating System
   FileDesc:   WMI
   FileVer:    6.3.9600.17415
   ProdVer:    6.3.9600.17415

Module 16
C:\Windows\system32\wbem\wbemsvc.dll
Image Base: 0x6e420000  Image Size: 0x00011000
File Size:  49664       File Time:  2014-11-21_041128
Version:
   Company:    Microsoft Corporation
   Product:    Microsoft® Windows® Operating System
   FileDesc:   WMI
   FileVer:    6.3.9600.17415
   ProdVer:    6.3.9600.17415

Module 17
C:\Windows\system32\wbem\wbemprox.dll
Image Base: 0x6e440000  Image Size: 0x0000d000
File Size:  36864       File Time:  2014-11-21_041128
Version:
   Company:    Microsoft Corporation
   Product:    Microsoft® Windows® Operating System
   FileDesc:   WMI
   FileVer:    6.3.9600.17415
   ProdVer:    6.3.9600.17415

Module 18
C:\Windows\SYSTEM32\ksuser.dll
Image Base: 0x6e630000  Image Size: 0x00007000
File Size:  19096       File Time:  2014-11-21_041030
Version:
   Company:    Microsoft Corporation
   Product:    Microsoft® Windows® Operating System
   FileDesc:   User CSA Library
   FileVer:    6.3.9600.17415
   ProdVer:    6.3.9600.17415

Module 19
C:\Windows\SYSTEM32\MSACM32.dll
Image Base: 0x6e920000  Image Size: 0x00017000
File Size:  89816       File Time:  2014-11-21_041030
Version:
   Company:    Microsoft Corporation
   Product:    Microsoft® Windows® Operating System
   FileDesc:   Microsoft ACM Audio Filter
   FileVer:    6.3.9600.17415
   ProdVer:    6.3.9600.17415

Module 20
C:\Windows\SYSTEM32\dhcpcsvc6.DLL
Image Base: 0x6ee80000  Image Size: 0x00013000
File Size:  57344       File Time:  2014-11-21_041152
Version:
   Company:    Microsoft Corporation
   Product:    Microsoft® Windows® Operating System
   FileDesc:   DHCPv6 Client
   FileVer:    6.3.9600.17415
   ProdVer:    6.3.9600.17415

Module 21
C:\Windows\System32\MMDevApi.dll
Image Base: 0x700e0000  Image Size: 0x00053000
File Size:  331048      File Time:  2014-11-21_041030
Version:
   Company:    Microsoft Corporation
   Product:    Microsoft® Windows® Operating System
   FileDesc:   MMDevice API
   FileVer:    6.3.9600.17415
   ProdVer:    6.3.9600.17415

Module 22
C:\Windows\SYSTEM32\AUDIOSES.DLL
Image Base: 0x70140000  Image Size: 0x00060000
File Size:  370424      File Time:  2014-11-21_041030
Version:
   Company:    Microsoft Corporation
   Product:    Microsoft® Windows® Operating System
   FileDesc:   Audio Session
   FileVer:    6.3.9600.17415
   ProdVer:    6.3.9600.17415

Module 23
C:\Windows\SYSTEM32\dxgi.dll
Image Base: 0x70590000  Image Size: 0x00069000
File Size:  430176      File Time:  2014-11-21_041018
Version:
   Company:    Microsoft Corporation
   Product:    Microsoft® Windows® Operating System
   FileDesc:   DirectX Graphics Infrastructure
   FileVer:    6.3.9600.17415
   ProdVer:    6.3.9600.17415

Module 24
C:\Windows\SYSTEM32\d3d11.dll
Image Base: 0x70a70000  Image Size: 0x001d9000
File Size:  1946144     File Time:  2014-11-21_041018
Version:
   Company:    Microsoft Corporation
   Product:    Microsoft® Windows® Operating System
   FileDesc:   Direct3D 11 Runtime
   FileVer:    6.3.9600.17415
   ProdVer:    6.3.9600.17415

Module 25
C:\Windows\SYSTEM32\powrprof.dll
Image Base: 0x712c0000  Image Size: 0x00040000
File Size:  255136      File Time:  2014-11-21_041132
Version:
   Company:    Microsoft Corporation
   Product:    Microsoft® Windows® Operating System
   FileDesc:   Power Profile Helper DLL
   FileVer:    6.3.9600.17415
   ProdVer:    6.3.9600.17415

Module 26
C:\Windows\SYSTEM32\AVRT.dll
Image Base: 0x71440000  Image Size: 0x0000a000
File Size:  31496       File Time:  2014-11-21_041214
Version:
   Company:    Microsoft Corporation
   Product:    Microsoft® Windows® Operating System
   FileDesc:   Multimedia Realtime Runtime
   FileVer:    6.3.9600.17415
   ProdVer:    6.3.9600.17415

Module 27
C:\Windows\SYSTEM32\HID.DLL
Image Base: 0x714f0000  Image Size: 0x0000a000
File Size:  26624       File Time:  2014-11-21_041008
Version:
   Company:    Microsoft Corporation
   Product:    Microsoft® Windows® Operating System
   FileDesc:   Hid User Library
   FileVer:    6.3.9600.17415
   ProdVer:    6.3.9600.17415

Module 28
C:\Windows\system32\dwmapi.dll
Image Base: 0x71500000  Image Size: 0x0001a000
File Size:  102728      File Time:  2014-11-21_041022
Version:
   Company:    Microsoft Corporation
   Product:    Microsoft® Windows® Operating System
   FileDesc:   Microsoft Desktop Window Manager API
   FileVer:    6.3.9600.17415
   ProdVer:    6.3.9600.17415

Module 29
C:\Windows\SYSTEM32\dbghelp.dll
Image Base: 0x715f0000  Image Size: 0x00141000
File Size:  1207296     File Time:  2015-03-31_223102
Version:
   Company:    Microsoft Corporation
   Product:    Microsoft® Windows® Operating System
   FileDesc:   Windows Image Helper
   FileVer:    6.3.9600.17787
   ProdVer:    6.3.9600.17787

Module 30
C:\Windows\WinSxS\x86_microsoft.windows.common-controls_6595b64144ccf1df_6.0.9600.18006_none_a9ec6aab013aafee\comctl32.dll
Image Base: 0x71740000  Image Size: 0x00206000
File Size:  2105856     File Time:  2015-08-06_132032
Version:
   Company:    Microsoft Corporation
   Product:    Microsoft® Windows® Operating System
   FileDesc:   User Experience Controls Library
   FileVer:    6.10.9600.18006
   ProdVer:    6.3.9600.18006

Module 31
C:\Windows\SYSTEM32\dhcpcsvc.DLL
Image Base: 0x71b10000  Image Size: 0x00014000
File Size:  64512       File Time:  2014-11-21_041152
Version:
   Company:    Microsoft Corporation
   Product:    Microsoft® Windows® Operating System
   FileDesc:   DHCP Client Service
   FileVer:    6.3.9600.17415
   ProdVer:    6.3.9600.17415

Module 32
C:\Windows\System32\rasadhlp.dll
Image Base: 0x71b30000  Image Size: 0x00008000
File Size:  12288       File Time:  2014-11-21_041144
Version:
   Company:    Microsoft Corporation
   Product:    Microsoft® Windows® Operating System
   FileDesc:   Remote Access AutoDial Helper
   FileVer:    6.3.9600.17415
   ProdVer:    6.3.9600.17415

Module 33
C:\Windows\System32\fwpuclnt.dll
Image Base: 0x71bc0000  Image Size: 0x00046000
File Size:  272384      File Time:  2016-02-05_110748
Version:
   Company:    Microsoft Corporation
   Product:    Microsoft® Windows® Operating System
   FileDesc:   FWP/IPsec User-Mode API
   FileVer:    6.3.9600.18229
   ProdVer:    6.3.9600.18229

Module 34
C:\Windows\SYSTEM32\DNSAPI.dll
Image Base: 0x71c60000  Image Size: 0x0007e000
File Size:  498688      File Time:  2014-11-04_212044
Version:
   Company:    Microsoft Corporation
   Product:    Microsoft® Windows® Operating System
   FileDesc:   DNS Client API DLL
   FileVer:    6.3.9600.17481
   ProdVer:    6.3.9600.17481

Module 35
C:\Windows\system32\uxtheme.dll
Image Base: 0x71fa0000  Image Size: 0x000ed000
File Size:  949760      File Time:  2014-11-21_041146
Version:
   Company:    Microsoft Corporation
   Product:    Microsoft® Windows® Operating System
   FileDesc:   Microsoft UxTheme Library
   FileVer:    6.3.9600.17415
   ProdVer:    6.3.9600.17415

Module 36
C:\Windows\SYSTEM32\bcrypt.dll
Image Base: 0x720f0000  Image Size: 0x0001e000
File Size:  111104      File Time:  2014-11-21_041152
Version:
   Company:    Microsoft Corporation
   Product:    Microsoft® Windows® Operating System
   FileDesc:   Windows Cryptographic Primitives Library
   FileVer:    6.3.9600.17415
   ProdVer:    6.3.9600.17415

Module 37
C:\Windows\system32\rsaenh.dll
Image Base: 0x72110000  Image Size: 0x00030000
File Size:  192120      File Time:  2016-01-08_214944
Version:
   Company:    Microsoft Corporation
   Product:    Microsoft® Windows® Operating System
   FileDesc:   Microsoft Enhanced Cryptographic Provider
   FileVer:    6.3.9600.18191
   ProdVer:    6.3.9600.18191

Module 38
C:\Windows\SYSTEM32\CRYPTSP.dll
Image Base: 0x72140000  Image Size: 0x00019000
File Size:  96032       File Time:  2014-11-21_041152
Version:
   Company:    Microsoft Corporation
   Product:    Microsoft® Windows® Operating System
   FileDesc:   Cryptographic Service Provider API
   FileVer:    6.3.9600.17415
   ProdVer:    6.3.9600.17415

Module 39
C:\Windows\SYSTEM32\MSWSOCK.dll
Image Base: 0x72380000  Image Size: 0x0004b000
File Size:  286208      File Time:  2016-05-13_173518
Version:
   Company:    Microsoft Corporation
   Product:    Microsoft® Windows® Operating System
   FileDesc:   Microsoft Windows Sockets 2.0 Service Provider
   FileVer:    6.3.9600.18340
   ProdVer:    6.3.9600.18340

Module 40
C:\Windows\SYSTEM32\WINNSI.DLL
Image Base: 0x72470000  Image Size: 0x00008000
File Size:  26304       File Time:  2014-11-21_041006
Version:
   Company:    Microsoft Corporation
   Product:    Microsoft® Windows® Operating System
   FileDesc:   Network Store Information RPC interface
   FileVer:    6.3.9600.17415
   ProdVer:    6.3.9600.17415

Module 41
C:\Windows\SYSTEM32\IPHLPAPI.DLL
Image Base: 0x72480000  Image Size: 0x00020000
File Size:  121912      File Time:  2016-03-11_204736
Version:
   Company:    Microsoft Corporation
   Product:    Microsoft® Windows® Operating System
   FileDesc:   IP Helper API
   FileVer:    6.3.9600.18264
   ProdVer:    6.3.9600.18264

Module 42
C:\Windows\SYSTEM32\kernel.appcore.dll
Image Base: 0x724a0000  Image Size: 0x00009000
File Size:  29920       File Time:  2014-11-21_041134
Version:
   Company:    Microsoft Corporation
   Product:    Microsoft® Windows® Operating System
   FileDesc:   AppModel API Host
   FileVer:    6.3.9600.17415
   ProdVer:    6.3.9600.17415

Module 43
C:\Windows\SYSTEM32\ntmarta.dll
Image Base: 0x72560000  Image Size: 0x00028000
File Size:  154392      File Time:  2014-11-21_041152
Version:
   Company:    Microsoft Corporation
   Product:    Microsoft® Windows® Operating System
   FileDesc:   Windows NT MARTA provider
   FileVer:    6.3.9600.17415
   ProdVer:    6.3.9600.17415

Module 44
C:\Windows\SYSTEM32\shcore.dll
Image Base: 0x72590000  Image Size: 0x0008b000
File Size:  560392      File Time:  2015-01-23_010234
Version:
   Company:    Microsoft Corporation
   Product:    Microsoft® Windows® Operating System
   FileDesc:   SHCORE
   FileVer:    6.3.9600.17666
   ProdVer:    6.3.9600.17666

Module 45
C:\Windows\SYSTEM32\DEVOBJ.dll
Image Base: 0x726c0000  Image Size: 0x00021000
File Size:  127552      File Time:  2014-11-21_041152
Version:
   Company:    Microsoft Corporation
   Product:    Microsoft® Windows® Operating System
   FileDesc:   Device Information Set DLL
   FileVer:    6.3.9600.17415
   ProdVer:    6.3.9600.17415

Module 46
C:\Windows\SYSTEM32\WINMMBASE.dll
Image Base: 0x72a10000  Image Size: 0x00023000
File Size:  134280      File Time:  2014-11-21_041030
Version:
   Company:    Microsoft Corporation
   Product:    Microsoft® Windows® Operating System
   FileDesc:   Base Multimedia Extension API DLL
   FileVer:    6.3.9600.17415
   ProdVer:    6.3.9600.17415

Module 47
C:\Windows\SYSTEM32\WINHTTP.dll
Image Base: 0x72ce0000  Image Size: 0x0009e000
File Size:  626176      File Time:  2016-06-11_121622
Version:
   Company:    Microsoft Corporation
   Product:    Microsoft® Windows® Operating System
   FileDesc:   Windows HTTP Services
   FileVer:    6.3.9600.18378
   ProdVer:    6.3.9600.18378

Module 48
C:\Windows\SYSTEM32\VERSION.dll
Image Base: 0x73720000  Image Size: 0x00008000
File Size:  26304       File Time:  2014-11-21_041148
Version:
   Company:    Microsoft Corporation
   Product:    Microsoft® Windows® Operating System
   FileDesc:   Version Checking and File Installation Libraries
   FileVer:    6.3.9600.17415
   ProdVer:    6.3.9600.17415

Module 49
C:\Windows\SYSTEM32\WINMM.dll
Image Base: 0x73b00000  Image Size: 0x00023000
File Size:  136840      File Time:  2014-11-21_041030
Version:
   Company:    Microsoft Corporation
   Product:    Microsoft® Windows® Operating System
   FileDesc:   MCI API DLL
   FileVer:    6.3.9600.17415
   ProdVer:    6.3.9600.17415

Module 50
C:\Windows\SYSTEM32\bcryptPrimitives.dll
Image Base: 0x749a0000  Image Size: 0x00054000
File Size:  340880      File Time:  2016-05-18_182836
Version:
   Company:    Microsoft Corporation
   Product:    Microsoft® Windows® Operating System
   FileDesc:   Windows Cryptographic Primitives Library
   FileVer:    6.3.9600.18344
   ProdVer:    6.3.9600.18344

Module 51
C:\Windows\SYSTEM32\CRYPTBASE.dll
Image Base: 0x74a00000  Image Size: 0x0000a000
File Size:  30984       File Time:  2014-11-21_041140
Version:
   Company:    Microsoft Corporation
   Product:    Microsoft® Windows® Operating System
   FileDesc:   Base cryptographic API DLL
   FileVer:    6.3.9600.17415
   ProdVer:    6.3.9600.17415

Module 52
C:\Windows\SYSTEM32\combase.dll
Image Base: 0x74a10000  Image Size: 0x0017d000
File Size:  1564496     File Time:  2016-01-19_142400
Version:
   Company:    Microsoft Corporation
   Product:    Microsoft® Windows® Operating System
   FileDesc:   Microsoft COM for Windows
   FileVer:    6.3.9600.18202
   ProdVer:    6.3.9600.18202

Module 53
C:\Windows\SYSTEM32\SspiCli.dll
Image Base: 0x74b90000  Image Size: 0x0001e000
File Size:  104960      File Time:  2016-08-20_185520
Version:
   Company:    Microsoft Corporation
   Product:    Microsoft® Windows® Operating System
   FileDesc:   Security Support Provider Interface
   FileVer:    6.3.9600.18454
   ProdVer:    6.3.9600.18454

Module 54
C:\Windows\SYSTEM32\GDI32.dll
Image Base: 0x74d20000  Image Size: 0x0010f000
File Size:  1097216     File Time:  2016-05-18_163600
Version:
   Company:    Microsoft Corporation
   Product:    Microsoft® Windows® Operating System
   FileDesc:   GDI Client DLL
   FileVer:    6.3.9600.18344
   ProdVer:    6.3.9600.18344

Module 55
C:\Windows\SYSTEM32\SETUPAPI.dll
Image Base: 0x74fc0000  Image Size: 0x001b1000
File Size:  1782912     File Time:  2014-11-21_041132
Version:
   Company:    Microsoft Corporation
   Product:    Microsoft® Windows® Operating System
   FileDesc:   Windows Setup API
   FileVer:    6.3.9600.17415
   ProdVer:    6.3.9600.17415

Module 56
C:\Windows\SYSTEM32\RPCRT4.dll
Image Base: 0x75180000  Image Size: 0x000ba000
File Size:  747520      File Time:  2016-03-30_234026
Version:
   Company:    Microsoft Corporation
   Product:    Microsoft® Windows® Operating System
   FileDesc:   Remote Procedure Call Runtime
   FileVer:    6.3.9600.18292
   ProdVer:    6.3.9600.18292

Module 57
C:\Windows\SYSTEM32\KERNELBASE.dll
Image Base: 0x752e0000  Image Size: 0x000d7000
File Size:  862720      File Time:  2016-05-13_182434
Version:
   Company:    Microsoft Corporation
   Product:    Microsoft® Windows® Operating System
   FileDesc:   Windows NT BASE API Client DLL
   FileVer:    6.3.9600.18340
   ProdVer:    6.3.9600.18340

Module 58
C:\Windows\SYSTEM32\KERNEL32.DLL
Image Base: 0x753d0000  Image Size: 0x00140000
File Size:  1040384     File Time:  2014-11-21_041134
Version:
   Company:    Microsoft Corporation
   Product:    Microsoft® Windows® Operating System
   FileDesc:   Windows NT BASE API Client DLL
   FileVer:    6.3.9600.17415
   ProdVer:    6.3.9600.17415

Module 59
C:\Windows\SYSTEM32\SHLWAPI.dll
Image Base: 0x75510000  Image Size: 0x00045000
File Size:  278352      File Time:  2014-11-21_041148
Version:
   Company:    Microsoft Corporation
   Product:    Microsoft® Windows® Operating System
   FileDesc:   Shell Light-weight Utility Library
   FileVer:    6.3.9600.17415
   ProdVer:    6.3.9600.17415

Module 60
C:\Windows\SYSTEM32\ADVAPI32.dll
Image Base: 0x75570000  Image Size: 0x0007c000
File Size:  507176      File Time:  2015-12-08_150750
Version:
   Company:    Microsoft Corporation
   Product:    Microsoft® Windows® Operating System
   FileDesc:   Advanced Windows 32 Base API
   FileVer:    6.3.9600.18155
   ProdVer:    6.3.9600.18155

Module 61
C:\Windows\SYSTEM32\ole32.dll
Image Base: 0x75690000  Image Size: 0x00129000
File Size:  1212256     File Time:  2016-05-05_133944
Version:
   Company:    Microsoft Corporation
   Product:    Microsoft® Windows® Operating System
   FileDesc:   Microsoft OLE for Windows
   FileVer:    6.3.9600.18333
   ProdVer:    6.3.9600.18333

Module 62
C:\Windows\SYSTEM32\msvcrt.dll
Image Base: 0x757c0000  Image Size: 0x000c3000
File Size:  800008      File Time:  2014-11-21_041212
Version:
   Company:    Microsoft Corporation
   Product:    Microsoft® Windows® Operating System
   FileDesc:   Windows NT CRT DLL
   FileVer:    7.0.9600.17415
   ProdVer:    6.1.8638.17415

Module 63
C:\Windows\SYSTEM32\SHELL32.dll
Image Base: 0x758d0000  Image Size: 0x012ba000
File Size:  19788688    File Time:  2016-05-28_143122
Version:
   Company:    Microsoft Corporation
   Product:    Microsoft® Windows® Operating System
   FileDesc:   Windows Shell Common Dll
   FileVer:    6.3.9600.18366
   ProdVer:    6.3.9600.18366

Module 64
C:\Windows\SYSTEM32\cfgmgr32.dll
Image Base: 0x76bf0000  Image Size: 0x0003c000
File Size:  241168      File Time:  2014-11-21_041152
Version:
   Company:    Microsoft Corporation
   Product:    Microsoft® Windows® Operating System
   FileDesc:   Configuration Manager DLL
   FileVer:    6.3.9600.17415
   ProdVer:    6.3.9600.17415

Module 65
C:\Windows\SYSTEM32\OLEAUT32.dll
Image Base: 0x76c30000  Image Size: 0x00097000
File Size:  611576      File Time:  2016-08-09_184718
Version:
   Company:    Microsoft Corporation
   Product:    
   FileDesc:   
   FileVer:    6.3.9600.18434
   ProdVer:    6.3.9600.18434

Module 66
C:\Windows\SYSTEM32\IMM32.dll
Image Base: 0x76cf0000  Image Size: 0x00027000
File Size:  141312      File Time:  2014-11-21_041022
Version:
   Company:    Microsoft Corporation
   Product:    Microsoft® Windows® Operating System
   FileDesc:   Multi-User Windows IMM32 API Client DLL
   FileVer:    6.3.9600.17415
   ProdVer:    6.3.9600.17415

Module 67
C:\Windows\SYSTEM32\USER32.dll
Image Base: 0x76d20000  Image Size: 0x00153000
File Size:  1376768     File Time:  2016-08-14_121438
Version:
   Company:    Microsoft Corporation
   Product:    Microsoft® Windows® Operating System
   FileDesc:   Multi-User Windows USER API Client DLL
   FileVer:    6.3.9600.18439
   ProdVer:    6.3.9600.18439

Module 68
C:\Windows\SYSTEM32\PSAPI.DLL
Image Base: 0x76ee0000  Image Size: 0x00006000
File Size:  16504       File Time:  2014-11-21_041134
Version:
   Company:    Microsoft Corporation
   Product:    Microsoft® Windows® Operating System
   FileDesc:   Process Status Helper
   FileVer:    6.3.9600.17415
   ProdVer:    6.3.9600.17415

Module 69
C:\Windows\SYSTEM32\clbcatq.dll
Image Base: 0x76ef0000  Image Size: 0x0008d000
File Size:  569128      File Time:  2014-11-21_041138
Version:
   Company:    Microsoft Corporation
   Product:    Microsoft® Windows® Operating System
   FileDesc:   COM+ Configuration Catalog
   FileVer:    2001.12.10530.17415
   ProdVer:    6.3.9600.17415

Module 70
C:\Windows\SYSTEM32\MSCTF.dll
Image Base: 0x76f80000  Image Size: 0x00112000
File Size:  1124384     File Time:  2015-10-03_154148
Version:
   Company:    Microsoft Corporation
   Product:    Microsoft® Windows® Operating System
   FileDesc:   MSCTF Server DLL
   FileVer:    6.3.9600.18081
   ProdVer:    6.3.9600.18081

Module 71
C:\Windows\SYSTEM32\NSI.dll
Image Base: 0x770a0000  Image Size: 0x00007000
File Size:  20120       File Time:  2014-11-21_041006
Version:
   Company:    Microsoft Corporation
   Product:    Microsoft® Windows® Operating System
   FileDesc:   NSI User-mode interface DLL
   FileVer:    6.3.9600.17415
   ProdVer:    6.3.9600.17415

Module 72
C:\Windows\SYSTEM32\sechost.dll
Image Base: 0x770b0000  Image Size: 0x00041000
File Size:  257216      File Time:  2015-03-23_174506
Version:
   Company:    Microsoft Corporation
   Product:    Microsoft® Windows® Operating System
   FileDesc:   Host for SCM/SDDL/LSA Lookup APIs
   FileVer:    6.3.9600.17734
   ProdVer:    6.3.9600.17734

Module 73
C:\Windows\SYSTEM32\WS2_32.dll
Image Base: 0x77100000  Image Size: 0x0004f000
File Size:  320720      File Time:  2016-05-14_160128
Version:
   Company:    Microsoft Corporation
   Product:    Microsoft® Windows® Operating System
   FileDesc:   Windows Socket 2.0 32-Bit DLL
   FileVer:    6.3.9600.18340
   ProdVer:    6.3.9600.18340

Module 74
C:\Windows\SYSTEM32\ntdll.dll
Image Base: 0x77220000  Image Size: 0x0016f000
File Size:  1501488     File Time:  2016-02-11_161640
Version:
   Company:    Microsoft Corporation
   Product:    Microsoft® Windows® Operating System
   FileDesc:   NT Layer DLL
   FileVer:    6.3.9600.18233
   ProdVer:    6.3.9600.18233


== [end of error.log] ==
